TRACE 2016/03/18 15:20:00.601253 config.go:100: .shipped directory already exists
TRACE 2016/03/18 15:20:00.601341 config.go:109: Config file .shipped/shipped.ini already exists in /Users/aichai
TRACE 2016/03/18 15:20:00.601408 config.go:139: Using config file /Users/aichai/.shipped/shipped.ini
TRACE 2016/03/18 15:20:00.604541 config.go:189: Set value apiToken=uHhsFrAcmElxahTIEZDIspEUhKkUrzHY in /Users/aichai/.shipped/shipped.ini
TRACE 2016/03/18 15:20:00.604589 main.go:172: CLI start directory is /Users/aichai/ProjectDemo/expressjsdemo
TRACE 2016/03/18 15:20:00.604629 config.go:134: Can't find config file /Users/aichai/ProjectDemo/expressjsdemo/.shipped/shipped.ini (open /Users/aichai/ProjectDemo/expressjsdemo/.shipped/shipped.ini: no such file or directory)
TRACE 2016/03/18 15:20:00.606627 utils.go:98: Console width is 80; help width is 79
TRACE 2016/03/18 15:20:00.606710 main.go:137: Shipped-cli 1.0 b139 20160219 170955 starting with args struct { BootLogfile string; ConfigFile string; ConsoleMode bool; Debug bool; Expanded bool; FastBootstrap bool; Force bool; Full bool; Help bool; Json bool; Latest bool; LocalDocker bool; Logfile string; MockSDKClient bool; OutputFields string; RunAsRootOK bool; ShippedHome string; ShowVersion bool; Server string; Token string; VM string; ObjType string; Command string; Arguments []string }{BootLogfile:"", ConfigFile:"", ConsoleMode:false, Debug:false, Expanded:true, FastBootstrap:false, Force:false, Full:false, Help:false, Json:false, Latest:false, LocalDocker:false, Logfile:"/Users/aichai/ProjectDemo/expressjsdemo/shipped-cli.log", MockSDKClient:false, OutputFields:"", RunAsRootOK:false, ShippedHome:"", ShowVersion:false, Server:"https://api.ciscoshipped.io/", Token:"uHhsFrAcmElxahTIEZDIspEUhKkUrzHY", VM:"vagrant", ObjType:"Local", Command:"bootstrap", Arguments:[]string{"f3400a4b-ecd3-11e5-a582-0242ac110025"}}
TRACE 2016/03/18 15:20:00.606728 commands.go:92: Running command(Local) subcommand(bootstrap) args([]string{"f3400a4b-ecd3-11e5-a582-0242ac110025"}) help(false)
TRACE 2016/03/18 15:20:00.606740 commands.go:160: objDesc.Name = "Local"
TRACE 2016/03/18 15:20:00.606796 local.go:275: Starting LocalService.Bootstrap()
TRACE 2016/03/18 15:20:00.606825 projects.go:273: Directory  contains a .shipped directory
TRACE 2016/03/18 15:20:00.606860 projects.go:273: Directory /Users/aichai/ProjectDemo contains a .shipped directory
TRACE 2016/03/18 15:20:00.606879 projects.go:270: Using user's home directory /Users/aichai as Shipped project directory
TRACE 2016/03/18 15:20:00.606889 projects.go:309: Changed to project directory /Users/aichai
TRACE 2016/03/18 15:20:00.606946 config.go:139: Using config file /Users/aichai/.shipped/shipped.ini
TRACE 2016/03/18 15:20:00.607000 client.go:114: GET https://api.ciscoshipped.io/projects/f3400a4b-ecd3-11e5-a582-0242ac110025?api_token=uHhsFrAcmElxahTIEZDIspEUhKkUrzHY
TRACE 2016/03/18 15:20:04.054918 client.go:159: Request status code 200 (200 OK)
TRACE 2016/03/18 15:20:04.055182 client.go:114: GET https://api.ciscoshipped.io/projects/f3400a4b-ecd3-11e5-a582-0242ac110025/services?api_token=uHhsFrAcmElxahTIEZDIspEUhKkUrzHY
TRACE 2016/03/18 15:20:05.386255 client.go:159: Request status code 200 (200 OK)
TRACE 2016/03/18 15:20:05.386565 common.go:67: Project f3400a4b-ecd3-11e5-a582-0242ac110025 (ProjectDemo) has 1 services
TRACE 2016/03/18 15:20:05.386587 bootstrap.go:62: Starting bootstrap on server(https://api.ciscoshipped.io/) for project(f3400a4b-ecd3-11e5-a582-0242ac110025) with token(uHhsFrAcmElxahTIEZDIspEUhKkUrzHY)
TRACE 2016/03/18 15:20:05.386596 bootstrap.go:69: Obtaining platform-specific deployer...
TRACE 2016/03/18 15:20:05.386849 bootstrap.go:77: Starting pre-verification...
TRACE 2016/03/18 15:20:05.386875 client.go:114: POST https://api.ciscoshipped.io/cli/f3400a4b-ecd3-11e5-a582-0242ac110025/status/project_init?api_token=uHhsFrAcmElxahTIEZDIspEUhKkUrzHY
TRACE 2016/03/18 15:20:07.536324 client.go:159: Request status code 200 (200 OK)
TRACE 2016/03/18 15:20:07.536481 common.go:30: Pre-Verification Start
TRACE 2016/03/18 15:20:07.536584 common.go:36: Pre-Verification End
TRACE 2016/03/18 15:20:07.536613 macdeployer.go:142: git Installation check
TRACE 2016/03/18 15:20:07.536652 command.go:59: Executing command: git --version
TRACE 2016/03/18 15:20:07.540343 deployer.go:225: git version 2.6.4
TRACE 2016/03/18 15:20:07.540461 macdeployer.go:142: git Installation check
TRACE 2016/03/18 15:20:07.540526 command.go:59: Executing command: git --version
TRACE 2016/03/18 15:20:07.543492 deployer.go:225: git version 2.6.4
2016/03/18 15:20:07.543573 deployer.go:100: git 2.6.4 is already installed.
TRACE 2016/03/18 15:20:07.543616 command.go:23: Executing command: git config --global --list
2016/03/18 15:20:07.546787 bootstrap.go:317: ============================================================
2016/03/18 15:20:07.546820 bootstrap.go:318: Check prerequisite software
2016/03/18 15:20:07.546830 bootstrap.go:319: ============================================================
TRACE 2016/03/18 15:20:07.546835 macdeployer.go:142: virtualbox Installation check
TRACE 2016/03/18 15:20:07.546981 command.go:59: Executing command: vboxmanage --version
TRACE 2016/03/18 15:20:07.559841 deployer.go:225: 5.0.16r105871
2016/03/18 15:20:07.560360 macdeployer.go:43: virtualbox 5.0.16r105871 is already installed.
TRACE 2016/03/18 15:20:07.560466 client.go:114: POST https://api.ciscoshipped.io/cli/f3400a4b-ecd3-11e5-a582-0242ac110025/status/install_vbox?api_token=uHhsFrAcmElxahTIEZDIspEUhKkUrzHY
TRACE 2016/03/18 15:20:08.873932 client.go:159: Request status code 200 (200 OK)
TRACE 2016/03/18 15:20:08.874065 macdeployer.go:142: vagrant Installation check
TRACE 2016/03/18 15:20:08.874160 command.go:59: Executing command: vagrant --version
TRACE 2016/03/18 15:20:09.191522 deployer.go:225: Vagrant 1.8.1
2016/03/18 15:20:09.193571 deployer.go:100: vagrant 1.8.1 is already installed.
TRACE 2016/03/18 15:20:09.193609 client.go:114: POST https://api.ciscoshipped.io/cli/f3400a4b-ecd3-11e5-a582-0242ac110025/status/install_vagrant?api_token=uHhsFrAcmElxahTIEZDIspEUhKkUrzHY
TRACE 2016/03/18 15:20:10.814486 client.go:159: Request status code 200 (200 OK)
2016/03/18 15:20:10.814720 bootstrap.go:317: ============================================================
2016/03/18 15:20:10.814744 bootstrap.go:318: Cloning Repositories
2016/03/18 15:20:10.814761 bootstrap.go:319: ============================================================
TRACE 2016/03/18 15:20:10.814774 common.go:109: Cloning Repositories Start
TRACE 2016/03/18 15:20:10.814865 config.go:100: .shipped directory already exists
TRACE 2016/03/18 15:20:10.814884 config.go:109: Config file .shipped/shipped.ini already exists in /Users/aichai/ProjectDemo
TRACE 2016/03/18 15:20:10.815008 config.go:139: Using config file /Users/aichai/ProjectDemo/.shipped/shipped.ini
TRACE 2016/03/18 15:20:10.815079 config.go:148: Also using project config file /Users/aichai/.shipped/shipped.ini
TRACE 2016/03/18 15:20:10.816788 config.go:158: Also using home config file /Users/aichai/.shipped/shipped.ini
TRACE 2016/03/18 15:20:10.820451 config.go:189: Set value projectId=f3400a4b-ecd3-11e5-a582-0242ac110025 in /Users/aichai/ProjectDemo/.shipped/shipped.ini
TRACE 2016/03/18 15:20:10.823801 config.go:189: Set value projectName=ProjectDemo in /Users/aichai/ProjectDemo/.shipped/shipped.ini
TRACE 2016/03/18 15:20:10.823818 common.go:216: Created ProjectDemo/.shipped/shipped.ini with projectId=f3400a4b-ecd3-11e5-a582-0242ac110025 and projectName=ProjectDemo
TRACE 2016/03/18 15:20:10.823895 config.go:139: Using config file /Users/aichai/.shipped/shipped.ini
2016/03/18 15:20:10.823957 common.go:158: Looks like service 1 expressjsdemo is already cloned - found .git directory in /Users/aichai/ProjectDemo/expressjsdemo
TRACE 2016/03/18 15:20:10.823964 common.go:196: Cloning Repositories End
2016/03/18 15:20:10.823975 bootstrap.go:317: ============================================================
2016/03/18 15:20:10.823984 bootstrap.go:318: Download Configuration
2016/03/18 15:20:10.823993 bootstrap.go:319: ============================================================
TRACE 2016/03/18 15:20:10.824000 common.go:260: downloadScripts URL: https://api.ciscoshipped.io//cli/f3400a4b-ecd3-11e5-a582-0242ac110025
TRACE 2016/03/18 15:20:10.824221 download.go:70: Starting download of https://api.ciscoshipped.io//cli/f3400a4b-ecd3-11e5-a582-0242ac110025/Vagrantfile?api_token=uHhsFrAcmElxahTIEZDIspEUhKkUrzHY to ProjectDemo/.shipped/Vagrantfile
TRACE 2016/03/18 15:20:13.481678 download.go:107: Download of Vagrantfile complete; -1 bytes downloaded.
TRACE 2016/03/18 15:20:13.481803 download.go:70: Starting download of https://api.ciscoshipped.io//cli/f3400a4b-ecd3-11e5-a582-0242ac110025/docker-compose.yml?api_token=uHhsFrAcmElxahTIEZDIspEUhKkUrzHY to ProjectDemo/.shipped/docker-compose.yml
TRACE 2016/03/18 15:20:14.306154 download.go:107: Download of docker-compose.yml complete; -1 bytes downloaded.
TRACE 2016/03/18 15:20:14.306631 common.go:455: Created Vagrantfile.LocalDocker
TRACE 2016/03/18 15:20:14.310367 command.go:59: Executing command: git -C ProjectDemo/expressjsdemo reset .
TRACE 2016/03/18 15:20:14.318175 download.go:70: Starting download of https://api.ciscoshipped.io//cli/f3400a4b-ecd3-11e5-a582-0242ac110025/1698bf5a-ecd4-11e5-a495-0242ac110790/drone.sec?api_token=uHhsFrAcmElxahTIEZDIspEUhKkUrzHY to ProjectDemo/expressjsdemo/.drone.sec
TRACE 2016/03/18 15:20:15.120080 download.go:107: Download of .drone.sec complete; -1 bytes downloaded.
TRACE 2016/03/18 15:20:15.120138 command.go:59: Executing command: git -C ProjectDemo/expressjsdemo add .drone.sec
TRACE 2016/03/18 15:20:15.128806 command.go:59: Executing command: git -C ProjectDemo/expressjsdemo commit -m **Shipped -- Add Drone Configuration
2016/03/18 15:20:15.152640 util.go:97: [master c0bc88c] **Shipped -- Add Drone Configuration
2016/03/18 15:20:15.152661 util.go:97:  1 file changed, 1 insertion(+), 1 deletion(-)
2016/03/18 15:20:15.152668 util.go:97:  rewrite .drone.sec (100%)
2016/03/18 15:20:15.152934 common.go:379: Verifed all configuration files for project
TRACE 2016/03/18 15:20:15.152974 client.go:114: POST https://api.ciscoshipped.io/cli/f3400a4b-ecd3-11e5-a582-0242ac110025/status/download_cli?api_token=uHhsFrAcmElxahTIEZDIspEUhKkUrzHY
TRACE 2016/03/18 15:20:15.523941 client.go:159: Request status code 200 (200 OK)
2016/03/18 15:20:15.524204 bootstrap.go:317: ============================================================
2016/03/18 15:20:15.524228 bootstrap.go:318: Bootstrap Sandbox VM
2016/03/18 15:20:15.524245 bootstrap.go:319: ============================================================
TRACE 2016/03/18 15:20:15.524334 util.go:62: Changed directory to ProjectDemo/.shipped
TRACE 2016/03/18 15:20:15.524368 command.go:23: Executing command: vagrant status
TRACE 2016/03/18 15:20:18.955029 vagrantUp.go:68: Halting virtual machine so it can be refreshed
TRACE 2016/03/18 15:20:18.955091 command.go:59: Executing command: vagrant halt
2016/03/18 15:20:21.674167 vagrantUp.go:122: ==> expressjsdemo: Stopping container...
2016/03/18 15:20:23.444378 vagrantUp.go:122: ==> dockerhost-f3400a4b-ecd3-11e5-a582-0242ac110025: Attempting graceful shutdown of VM...
TRACE 2016/03/18 15:20:28.691994 vagrantUp.go:75: Bringing up virtual machine
TRACE 2016/03/18 15:20:28.692047 command.go:59: Executing command: vagrant up --no-parallel --provider=docker
2016/03/18 15:20:30.692873 vagrantUp.go:122: Bringing machine 'expressjsdemo' up with 'docker' provider...
2016/03/18 15:20:30.896361 vagrantUp.go:122: ==> expressjsdemo: Docker host is required. One will be created if necessary...
2016/03/18 15:20:30.970518 vagrantUp.go:122:     expressjsdemo: Vagrant will now create or start a local VM to act as the Docker
2016/03/18 15:20:30.970545 vagrantUp.go:122:     expressjsdemo: host. You'll see the output of the `vagrant up` for this VM below.
2016/03/18 15:20:30.970659 vagrantUp.go:122:     expressjsdemo:  
2016/03/18 15:20:31.913151 vagrantUp.go:122:     dockerhost-f3400a4b-ecd3-11e5-a582-0242ac110025: Clearing any previously set forwarded ports...
TRACE 2016/03/18 15:20:32.387115 vagrantUp.go:105: Found port collision: deployed(2735) configured(2200) (    dockerhost-f3400a4b-ecd3-11e5-a582-0242ac110025: Fixed port collision for 2735 => 2375. Now on port 2200.
)
2016/03/18 15:20:32.387194 vagrantUp.go:122:     dockerhost-f3400a4b-ecd3-11e5-a582-0242ac110025: Fixed port collision for 2735 => 2375. Now on port 2200.
TRACE 2016/03/18 15:20:32.391653 vagrantUp.go:105: Found port collision: deployed(22) configured(2201) (    dockerhost-f3400a4b-ecd3-11e5-a582-0242ac110025: Fixed port collision for 22 => 2222. Now on port 2201.
)
2016/03/18 15:20:32.391705 vagrantUp.go:122:     dockerhost-f3400a4b-ecd3-11e5-a582-0242ac110025: Fixed port collision for 22 => 2222. Now on port 2201.
2016/03/18 15:20:32.436640 vagrantUp.go:122:     dockerhost-f3400a4b-ecd3-11e5-a582-0242ac110025: Clearing any previously set network interfaces...
2016/03/18 15:20:32.489631 vagrantUp.go:122:     dockerhost-f3400a4b-ecd3-11e5-a582-0242ac110025: Preparing network interfaces based on configuration...
2016/03/18 15:20:32.489879 vagrantUp.go:122:     dockerhost-f3400a4b-ecd3-11e5-a582-0242ac110025: Adapter 1: nat
2016/03/18 15:20:32.539842 vagrantUp.go:122:     dockerhost-f3400a4b-ecd3-11e5-a582-0242ac110025: Forwarding ports...
2016/03/18 15:20:32.613915 vagrantUp.go:122:     dockerhost-f3400a4b-ecd3-11e5-a582-0242ac110025: 2735 (guest) => 2200 (host) (adapter 1)
2016/03/18 15:20:32.614237 vagrantUp.go:122:     dockerhost-f3400a4b-ecd3-11e5-a582-0242ac110025: 33000 (guest) => 33000 (host) (adapter 1)
2016/03/18 15:20:32.614551 vagrantUp.go:122:     dockerhost-f3400a4b-ecd3-11e5-a582-0242ac110025: 22 (guest) => 2201 (host) (adapter 1)
2016/03/18 15:20:32.767014 vagrantUp.go:122:     dockerhost-f3400a4b-ecd3-11e5-a582-0242ac110025: Running 'pre-boot' VM customizations...
2016/03/18 15:20:32.874438 vagrantUp.go:122:     dockerhost-f3400a4b-ecd3-11e5-a582-0242ac110025: Booting VM...
2016/03/18 15:20:33.071113 vagrantUp.go:122:     dockerhost-f3400a4b-ecd3-11e5-a582-0242ac110025: Waiting for machine to boot. This may take a few minutes...
2016/03/18 15:20:33.284797 vagrantUp.go:122:     dockerhost-f3400a4b-ecd3-11e5-a582-0242ac110025: SSH address: 127.0.0.1:2201
2016/03/18 15:20:33.284974 vagrantUp.go:122:     dockerhost-f3400a4b-ecd3-11e5-a582-0242ac110025: SSH username: docker
2016/03/18 15:20:33.285250 vagrantUp.go:122:     dockerhost-f3400a4b-ecd3-11e5-a582-0242ac110025: SSH auth method: password
2016/03/18 15:20:56.163955 vagrantUp.go:122:     dockerhost-f3400a4b-ecd3-11e5-a582-0242ac110025: Machine booted and ready!
2016/03/18 15:20:56.164349 vagrantUp.go:122:     dockerhost-f3400a4b-ecd3-11e5-a582-0242ac110025: Checking for guest additions in VM...
2016/03/18 15:20:56.297881 vagrantUp.go:122:     dockerhost-f3400a4b-ecd3-11e5-a582-0242ac110025: The guest additions on this VM do not match the installed version of
2016/03/18 15:20:56.297902 vagrantUp.go:122:     dockerhost-f3400a4b-ecd3-11e5-a582-0242ac110025: VirtualBox! In most cases this is fine, but in rare cases it can
2016/03/18 15:20:56.297909 vagrantUp.go:122:     dockerhost-f3400a4b-ecd3-11e5-a582-0242ac110025: prevent things such as shared folders from working properly. If you see
2016/03/18 15:20:56.297915 vagrantUp.go:122:     dockerhost-f3400a4b-ecd3-11e5-a582-0242ac110025: shared folder errors, please make sure the guest additions within the
2016/03/18 15:20:56.297922 vagrantUp.go:122:     dockerhost-f3400a4b-ecd3-11e5-a582-0242ac110025: virtual machine match the version of VirtualBox you have installed on
2016/03/18 15:20:56.297932 vagrantUp.go:122:     dockerhost-f3400a4b-ecd3-11e5-a582-0242ac110025: your host and reload your VM.
2016/03/18 15:20:56.297943 vagrantUp.go:122:     dockerhost-f3400a4b-ecd3-11e5-a582-0242ac110025: 
2016/03/18 15:20:56.297953 vagrantUp.go:122:     dockerhost-f3400a4b-ecd3-11e5-a582-0242ac110025: Guest Additions Version: 4.3.28 r100309
2016/03/18 15:20:56.297966 vagrantUp.go:122:     dockerhost-f3400a4b-ecd3-11e5-a582-0242ac110025: VirtualBox Version: 5.0
2016/03/18 15:20:56.394219 vagrantUp.go:122:     dockerhost-f3400a4b-ecd3-11e5-a582-0242ac110025: Running provisioner: docker...
2016/03/18 15:20:57.297558 vagrantUp.go:122: ==> expressjsdemo: Syncing folders to the host VM...
2016/03/18 15:20:57.659021 vagrantUp.go:122:     dockerhost-f3400a4b-ecd3-11e5-a582-0242ac110025: Mounting shared folders...
2016/03/18 15:20:57.659657 vagrantUp.go:122:     dockerhost-f3400a4b-ecd3-11e5-a582-0242ac110025: /var/lib/docker/docker_1458285657_7740 => /Users/aichai/ProjectDemo/expressjsdemo
2016/03/18 15:20:57.978909 vagrantUp.go:122:     dockerhost-f3400a4b-ecd3-11e5-a582-0242ac110025: /var/lib/docker/docker_1458285657_20482 => /Users/aichai/ProjectDemo/.shipped
2016/03/18 15:20:58.259808 vagrantUp.go:122:     dockerhost-f3400a4b-ecd3-11e5-a582-0242ac110025: /var/lib/docker/docker_build_f3b8c1a7f35d64d127aa18dbbbac74e6 => /Users/aichai/ProjectDemo/expressjsdemo
2016/03/18 15:20:58.588797 vagrantUp.go:122: ==> expressjsdemo: Image is already built from the Dockerfile. `vagrant reload` to rebuild.
2016/03/18 15:20:58.678834 vagrantUp.go:122: ==> expressjsdemo: Vagrant has noticed that the synced folder definitions have changed.
2016/03/18 15:20:58.678857 vagrantUp.go:122: ==> expressjsdemo: With Docker, these synced folder changes won't take effect until you
2016/03/18 15:20:58.678863 vagrantUp.go:122: ==> expressjsdemo: destroy the container and recreate it.
2016/03/18 15:20:58.679058 vagrantUp.go:122: ==> expressjsdemo: Starting container...
2016/03/18 15:20:58.933692 vagrantUp.go:122: ==> expressjsdemo: Waiting for container to enter "running" state...
2016/03/18 15:21:04.162896 vagrantUp.go:122: The container started either never left the "stopped" state or
2016/03/18 15:21:04.162916 vagrantUp.go:122: very quickly reverted to the "stopped" state. This is usually
2016/03/18 15:21:04.162923 vagrantUp.go:122: because the container didn't execute a command that kept it running,
2016/03/18 15:21:04.162928 vagrantUp.go:122: and usually indicates a misconfiguration.
2016/03/18 15:21:04.162936 vagrantUp.go:122: If you meant for this container to not remain running, please
2016/03/18 15:21:04.162941 vagrantUp.go:122: set the Docker provider configuration "remains_running" to "false":
2016/03/18 15:21:04.162953 vagrantUp.go:122:   config.vm.provider "docker" do |d|
2016/03/18 15:21:04.162959 vagrantUp.go:122:     d.remains_running = false
2016/03/18 15:21:04.162964 vagrantUp.go:122:   end
ERROR 2016/03/18 15:21:04.205481 vagrantUp.go:78: vagrant up finished with error: exit status 1
TRACE 2016/03/18 15:21:04.205577 projects.go:270: Using user's home directory /Users/aichai as Shipped project directory
TRACE 2016/03/18 15:21:04.205610 client.go:114: GET https://api.ciscoshipped.io/projects/f3400a4b-ecd3-11e5-a582-0242ac110025?api_token=uHhsFrAcmElxahTIEZDIspEUhKkUrzHY
TRACE 2016/03/18 15:21:06.153405 client.go:159: Request status code 200 (200 OK)
TRACE 2016/03/18 15:21:06.153656 config.go:139: Using config file /Users/aichai/ProjectDemo/.shipped/shipped.ini
TRACE 2016/03/18 15:21:06.153725 config.go:148: Also using project config file /Users/aichai/.shipped/shipped.ini
TRACE 2016/03/18 15:21:06.153764 config.go:158: Also using home config file /Users/aichai/.shipped/shipped.ini
TRACE 2016/03/18 15:21:06.153773 projects.go:304: Changed to project f3400a4b-ecd3-11e5-a582-0242ac110025 directory /Users/aichai/ProjectDemo
ERROR 2016/03/18 15:21:06.153798 commands.go:98: Bootstrap failed: exit status 1
TRACE 2016/03/18 15:26:42.580835 config.go:100: .shipped directory already exists
TRACE 2016/03/18 15:26:42.580925 config.go:109: Config file .shipped/shipped.ini already exists in /Users/aichai
TRACE 2016/03/18 15:26:42.580996 config.go:139: Using config file /Users/aichai/.shipped/shipped.ini
TRACE 2016/03/18 15:26:42.584184 config.go:189: Set value apiToken=uHhsFrAcmElxahTIEZDIspEUhKkUrzHY in /Users/aichai/.shipped/shipped.ini
TRACE 2016/03/18 15:26:42.584235 main.go:172: CLI start directory is /Users/aichai/ProjectDemo/expressjsdemo
TRACE 2016/03/18 15:26:42.584265 config.go:134: Can't find config file /Users/aichai/ProjectDemo/expressjsdemo/.shipped/shipped.ini (open /Users/aichai/ProjectDemo/expressjsdemo/.shipped/shipped.ini: no such file or directory)
TRACE 2016/03/18 15:26:42.586638 utils.go:98: Console width is 80; help width is 79
TRACE 2016/03/18 15:26:42.586747 main.go:137: Shipped-cli 1.0 b139 20160219 170955 starting with args struct { BootLogfile string; ConfigFile string; ConsoleMode bool; Debug bool; Expanded bool; FastBootstrap bool; Force bool; Full bool; Help bool; Json bool; Latest bool; LocalDocker bool; Logfile string; MockSDKClient bool; OutputFields string; RunAsRootOK bool; ShippedHome string; ShowVersion bool; Server string; Token string; VM string; ObjType string; Command string; Arguments []string }{BootLogfile:"", ConfigFile:"", ConsoleMode:false, Debug:false, Expanded:true, FastBootstrap:false, Force:false, Full:false, Help:false, Json:false, Latest:false, LocalDocker:false, Logfile:"/Users/aichai/ProjectDemo/expressjsdemo/shipped-cli.log", MockSDKClient:false, OutputFields:"", RunAsRootOK:false, ShippedHome:"", ShowVersion:false, Server:"https://api.ciscoshipped.io/", Token:"uHhsFrAcmElxahTIEZDIspEUhKkUrzHY", VM:"vagrant", ObjType:"Local", Command:"bootstrap", Arguments:[]string{"f3400a4b-ecd3-11e5-a582-0242ac110025"}}
TRACE 2016/03/18 15:26:42.586768 commands.go:92: Running command(Local) subcommand(bootstrap) args([]string{"f3400a4b-ecd3-11e5-a582-0242ac110025"}) help(false)
TRACE 2016/03/18 15:26:42.586781 commands.go:160: objDesc.Name = "Local"
TRACE 2016/03/18 15:26:42.586842 local.go:275: Starting LocalService.Bootstrap()
TRACE 2016/03/18 15:26:42.586868 projects.go:273: Directory  contains a .shipped directory
TRACE 2016/03/18 15:26:42.586905 projects.go:273: Directory /Users/aichai/ProjectDemo contains a .shipped directory
TRACE 2016/03/18 15:26:42.586924 projects.go:270: Using user's home directory /Users/aichai as Shipped project directory
TRACE 2016/03/18 15:26:42.586934 projects.go:309: Changed to project directory /Users/aichai
TRACE 2016/03/18 15:26:42.587001 config.go:139: Using config file /Users/aichai/.shipped/shipped.ini
TRACE 2016/03/18 15:26:42.587060 client.go:114: GET https://api.ciscoshipped.io/projects/f3400a4b-ecd3-11e5-a582-0242ac110025?api_token=uHhsFrAcmElxahTIEZDIspEUhKkUrzHY
TRACE 2016/03/18 15:26:44.377077 client.go:159: Request status code 200 (200 OK)
TRACE 2016/03/18 15:26:44.378469 client.go:114: GET https://api.ciscoshipped.io/projects/f3400a4b-ecd3-11e5-a582-0242ac110025/services?api_token=uHhsFrAcmElxahTIEZDIspEUhKkUrzHY
TRACE 2016/03/18 15:26:45.715027 client.go:159: Request status code 200 (200 OK)
TRACE 2016/03/18 15:26:45.715335 common.go:67: Project f3400a4b-ecd3-11e5-a582-0242ac110025 (ProjectDemo) has 1 services
TRACE 2016/03/18 15:26:45.715357 bootstrap.go:62: Starting bootstrap on server(https://api.ciscoshipped.io/) for project(f3400a4b-ecd3-11e5-a582-0242ac110025) with token(uHhsFrAcmElxahTIEZDIspEUhKkUrzHY)
TRACE 2016/03/18 15:26:45.715366 bootstrap.go:69: Obtaining platform-specific deployer...
TRACE 2016/03/18 15:26:45.715766 bootstrap.go:77: Starting pre-verification...
TRACE 2016/03/18 15:26:45.715801 client.go:114: POST https://api.ciscoshipped.io/cli/f3400a4b-ecd3-11e5-a582-0242ac110025/status/project_init?api_token=uHhsFrAcmElxahTIEZDIspEUhKkUrzHY
TRACE 2016/03/18 15:26:46.961502 client.go:159: Request status code 200 (200 OK)
TRACE 2016/03/18 15:26:46.961690 common.go:30: Pre-Verification Start
TRACE 2016/03/18 15:26:46.961822 common.go:36: Pre-Verification End
TRACE 2016/03/18 15:26:46.961840 macdeployer.go:142: git Installation check
TRACE 2016/03/18 15:26:46.961883 command.go:59: Executing command: git --version
TRACE 2016/03/18 15:26:46.966235 deployer.go:225: git version 2.6.4
TRACE 2016/03/18 15:26:46.966379 macdeployer.go:142: git Installation check
TRACE 2016/03/18 15:26:46.966447 command.go:59: Executing command: git --version
TRACE 2016/03/18 15:26:46.969529 deployer.go:225: git version 2.6.4
2016/03/18 15:26:46.969611 deployer.go:100: git 2.6.4 is already installed.
TRACE 2016/03/18 15:26:46.969663 command.go:23: Executing command: git config --global --list
2016/03/18 15:26:46.972861 bootstrap.go:317: ============================================================
2016/03/18 15:26:46.972885 bootstrap.go:318: Check prerequisite software
2016/03/18 15:26:46.972902 bootstrap.go:319: ============================================================
TRACE 2016/03/18 15:26:46.972907 macdeployer.go:142: virtualbox Installation check
TRACE 2016/03/18 15:26:46.972942 command.go:59: Executing command: vboxmanage --version
TRACE 2016/03/18 15:26:46.983311 deployer.go:225: 5.0.16r105871
2016/03/18 15:26:46.983770 macdeployer.go:43: virtualbox 5.0.16r105871 is already installed.
TRACE 2016/03/18 15:26:46.983810 client.go:114: POST https://api.ciscoshipped.io/cli/f3400a4b-ecd3-11e5-a582-0242ac110025/status/install_vbox?api_token=uHhsFrAcmElxahTIEZDIspEUhKkUrzHY
TRACE 2016/03/18 15:26:48.228198 client.go:159: Request status code 200 (200 OK)
TRACE 2016/03/18 15:26:48.228347 macdeployer.go:142: vagrant Installation check
TRACE 2016/03/18 15:26:48.228376 command.go:59: Executing command: vagrant --version
TRACE 2016/03/18 15:26:48.470083 deployer.go:225: Vagrant 1.8.1
2016/03/18 15:26:48.473116 deployer.go:100: vagrant 1.8.1 is already installed.
TRACE 2016/03/18 15:26:48.473176 client.go:114: POST https://api.ciscoshipped.io/cli/f3400a4b-ecd3-11e5-a582-0242ac110025/status/install_vagrant?api_token=uHhsFrAcmElxahTIEZDIspEUhKkUrzHY
TRACE 2016/03/18 15:26:52.316101 client.go:159: Request status code 200 (200 OK)
2016/03/18 15:26:52.316275 bootstrap.go:317: ============================================================
2016/03/18 15:26:52.316294 bootstrap.go:318: Cloning Repositories
2016/03/18 15:26:52.316307 bootstrap.go:319: ============================================================
TRACE 2016/03/18 15:26:52.316318 common.go:109: Cloning Repositories Start
TRACE 2016/03/18 15:26:52.316411 config.go:100: .shipped directory already exists
TRACE 2016/03/18 15:26:52.316427 config.go:109: Config file .shipped/shipped.ini already exists in /Users/aichai/ProjectDemo
TRACE 2016/03/18 15:26:52.316522 config.go:139: Using config file /Users/aichai/ProjectDemo/.shipped/shipped.ini
TRACE 2016/03/18 15:26:52.316583 config.go:148: Also using project config file /Users/aichai/.shipped/shipped.ini
TRACE 2016/03/18 15:26:52.316617 config.go:158: Also using home config file /Users/aichai/.shipped/shipped.ini
TRACE 2016/03/18 15:26:52.320029 config.go:189: Set value projectId=f3400a4b-ecd3-11e5-a582-0242ac110025 in /Users/aichai/ProjectDemo/.shipped/shipped.ini
TRACE 2016/03/18 15:26:52.322944 config.go:189: Set value projectName=ProjectDemo in /Users/aichai/ProjectDemo/.shipped/shipped.ini
TRACE 2016/03/18 15:26:52.322962 common.go:216: Created ProjectDemo/.shipped/shipped.ini with projectId=f3400a4b-ecd3-11e5-a582-0242ac110025 and projectName=ProjectDemo
TRACE 2016/03/18 15:26:52.323085 config.go:139: Using config file /Users/aichai/.shipped/shipped.ini
2016/03/18 15:26:52.323139 common.go:158: Looks like service 1 expressjsdemo is already cloned - found .git directory in /Users/aichai/ProjectDemo/expressjsdemo
TRACE 2016/03/18 15:26:52.323146 common.go:196: Cloning Repositories End
2016/03/18 15:26:52.323157 bootstrap.go:317: ============================================================
2016/03/18 15:26:52.323177 bootstrap.go:318: Download Configuration
2016/03/18 15:26:52.323185 bootstrap.go:319: ============================================================
TRACE 2016/03/18 15:26:52.323191 common.go:260: downloadScripts URL: https://api.ciscoshipped.io//cli/f3400a4b-ecd3-11e5-a582-0242ac110025
TRACE 2016/03/18 15:26:52.323500 download.go:70: Starting download of https://api.ciscoshipped.io//cli/f3400a4b-ecd3-11e5-a582-0242ac110025/Vagrantfile?api_token=uHhsFrAcmElxahTIEZDIspEUhKkUrzHY to ProjectDemo/.shipped/Vagrantfile
TRACE 2016/03/18 15:26:55.641332 download.go:107: Download of Vagrantfile complete; -1 bytes downloaded.
TRACE 2016/03/18 15:26:55.641519 download.go:70: Starting download of https://api.ciscoshipped.io//cli/f3400a4b-ecd3-11e5-a582-0242ac110025/docker-compose.yml?api_token=uHhsFrAcmElxahTIEZDIspEUhKkUrzHY to ProjectDemo/.shipped/docker-compose.yml
TRACE 2016/03/18 15:26:56.262961 download.go:107: Download of docker-compose.yml complete; -1 bytes downloaded.
TRACE 2016/03/18 15:26:56.263380 common.go:455: Created Vagrantfile.LocalDocker
TRACE 2016/03/18 15:26:56.266692 command.go:59: Executing command: git -C ProjectDemo/expressjsdemo reset .
TRACE 2016/03/18 15:26:56.273677 download.go:70: Starting download of https://api.ciscoshipped.io//cli/f3400a4b-ecd3-11e5-a582-0242ac110025/1698bf5a-ecd4-11e5-a495-0242ac110790/drone.sec?api_token=uHhsFrAcmElxahTIEZDIspEUhKkUrzHY to ProjectDemo/expressjsdemo/.drone.sec
TRACE 2016/03/18 15:26:56.908658 download.go:107: Download of .drone.sec complete; -1 bytes downloaded.
TRACE 2016/03/18 15:26:56.908715 command.go:59: Executing command: git -C ProjectDemo/expressjsdemo add .drone.sec
TRACE 2016/03/18 15:26:56.917986 command.go:59: Executing command: git -C ProjectDemo/expressjsdemo commit -m **Shipped -- Add Drone Configuration
2016/03/18 15:26:56.943324 util.go:97: [master 6ea3257] **Shipped -- Add Drone Configuration
2016/03/18 15:26:56.943346 util.go:97:  1 file changed, 1 insertion(+), 1 deletion(-)
2016/03/18 15:26:56.943353 util.go:97:  rewrite .drone.sec (100%)
2016/03/18 15:26:56.943455 common.go:379: Verifed all configuration files for project
TRACE 2016/03/18 15:26:56.943496 client.go:114: POST https://api.ciscoshipped.io/cli/f3400a4b-ecd3-11e5-a582-0242ac110025/status/download_cli?api_token=uHhsFrAcmElxahTIEZDIspEUhKkUrzHY
TRACE 2016/03/18 15:26:57.259501 client.go:159: Request status code 200 (200 OK)
2016/03/18 15:26:57.259704 bootstrap.go:317: ============================================================
2016/03/18 15:26:57.259732 bootstrap.go:318: Bootstrap Sandbox VM
2016/03/18 15:26:57.259746 bootstrap.go:319: ============================================================
TRACE 2016/03/18 15:26:57.259828 util.go:62: Changed directory to ProjectDemo/.shipped
TRACE 2016/03/18 15:26:57.259857 command.go:23: Executing command: vagrant status
TRACE 2016/03/18 15:27:00.528930 vagrantUp.go:68: Halting virtual machine so it can be refreshed
TRACE 2016/03/18 15:27:00.528989 command.go:59: Executing command: vagrant halt
2016/03/18 15:27:03.979318 vagrantUp.go:122: ==> dockerhost-f3400a4b-ecd3-11e5-a582-0242ac110025: Attempting graceful shutdown of VM...
TRACE 2016/03/18 15:27:09.249503 vagrantUp.go:75: Bringing up virtual machine
TRACE 2016/03/18 15:27:09.249561 command.go:59: Executing command: vagrant up --no-parallel --provider=docker
2016/03/18 15:27:11.138472 vagrantUp.go:122: Bringing machine 'expressjsdemo' up with 'docker' provider...
2016/03/18 15:27:11.339294 vagrantUp.go:122: ==> expressjsdemo: Docker host is required. One will be created if necessary...
2016/03/18 15:27:11.417045 vagrantUp.go:122:     expressjsdemo: Vagrant will now create or start a local VM to act as the Docker
2016/03/18 15:27:11.417069 vagrantUp.go:122:     expressjsdemo: host. You'll see the output of the `vagrant up` for this VM below.
2016/03/18 15:27:11.417222 vagrantUp.go:122:     expressjsdemo:  
2016/03/18 15:27:12.353846 vagrantUp.go:122:     dockerhost-f3400a4b-ecd3-11e5-a582-0242ac110025: Clearing any previously set forwarded ports...
TRACE 2016/03/18 15:27:12.833626 vagrantUp.go:105: Found port collision: deployed(2735) configured(2200) (    dockerhost-f3400a4b-ecd3-11e5-a582-0242ac110025: Fixed port collision for 2735 => 2375. Now on port 2200.
)
2016/03/18 15:27:12.833688 vagrantUp.go:122:     dockerhost-f3400a4b-ecd3-11e5-a582-0242ac110025: Fixed port collision for 2735 => 2375. Now on port 2200.
TRACE 2016/03/18 15:27:12.837967 vagrantUp.go:105: Found port collision: deployed(22) configured(2201) (    dockerhost-f3400a4b-ecd3-11e5-a582-0242ac110025: Fixed port collision for 22 => 2222. Now on port 2201.
)
2016/03/18 15:27:12.838021 vagrantUp.go:122:     dockerhost-f3400a4b-ecd3-11e5-a582-0242ac110025: Fixed port collision for 22 => 2222. Now on port 2201.
2016/03/18 15:27:12.880875 vagrantUp.go:122:     dockerhost-f3400a4b-ecd3-11e5-a582-0242ac110025: Clearing any previously set network interfaces...
2016/03/18 15:27:12.935035 vagrantUp.go:122:     dockerhost-f3400a4b-ecd3-11e5-a582-0242ac110025: Preparing network interfaces based on configuration...
2016/03/18 15:27:12.935321 vagrantUp.go:122:     dockerhost-f3400a4b-ecd3-11e5-a582-0242ac110025: Adapter 1: nat
2016/03/18 15:27:12.987801 vagrantUp.go:122:     dockerhost-f3400a4b-ecd3-11e5-a582-0242ac110025: Forwarding ports...
2016/03/18 15:27:13.066052 vagrantUp.go:122:     dockerhost-f3400a4b-ecd3-11e5-a582-0242ac110025: 2735 (guest) => 2200 (host) (adapter 1)
2016/03/18 15:27:13.066353 vagrantUp.go:122:     dockerhost-f3400a4b-ecd3-11e5-a582-0242ac110025: 33000 (guest) => 33000 (host) (adapter 1)
2016/03/18 15:27:13.066654 vagrantUp.go:122:     dockerhost-f3400a4b-ecd3-11e5-a582-0242ac110025: 22 (guest) => 2201 (host) (adapter 1)
2016/03/18 15:27:13.220121 vagrantUp.go:122:     dockerhost-f3400a4b-ecd3-11e5-a582-0242ac110025: Running 'pre-boot' VM customizations...
2016/03/18 15:27:13.322570 vagrantUp.go:122:     dockerhost-f3400a4b-ecd3-11e5-a582-0242ac110025: Booting VM...
2016/03/18 15:27:13.526699 vagrantUp.go:122:     dockerhost-f3400a4b-ecd3-11e5-a582-0242ac110025: Waiting for machine to boot. This may take a few minutes...
2016/03/18 15:27:13.709631 vagrantUp.go:122:     dockerhost-f3400a4b-ecd3-11e5-a582-0242ac110025: SSH address: 127.0.0.1:2201
2016/03/18 15:27:13.709761 vagrantUp.go:122:     dockerhost-f3400a4b-ecd3-11e5-a582-0242ac110025: SSH username: docker
2016/03/18 15:27:13.709926 vagrantUp.go:122:     dockerhost-f3400a4b-ecd3-11e5-a582-0242ac110025: SSH auth method: password
2016/03/18 15:27:36.616228 vagrantUp.go:122:     dockerhost-f3400a4b-ecd3-11e5-a582-0242ac110025: Machine booted and ready!
2016/03/18 15:27:36.616837 vagrantUp.go:122:     dockerhost-f3400a4b-ecd3-11e5-a582-0242ac110025: Checking for guest additions in VM...
2016/03/18 15:27:36.763809 vagrantUp.go:122:     dockerhost-f3400a4b-ecd3-11e5-a582-0242ac110025: The guest additions on this VM do not match the installed version of
2016/03/18 15:27:36.763843 vagrantUp.go:122:     dockerhost-f3400a4b-ecd3-11e5-a582-0242ac110025: VirtualBox! In most cases this is fine, but in rare cases it can
2016/03/18 15:27:36.763857 vagrantUp.go:122:     dockerhost-f3400a4b-ecd3-11e5-a582-0242ac110025: prevent things such as shared folders from working properly. If you see
2016/03/18 15:27:36.763867 vagrantUp.go:122:     dockerhost-f3400a4b-ecd3-11e5-a582-0242ac110025: shared folder errors, please make sure the guest additions within the
2016/03/18 15:27:36.763876 vagrantUp.go:122:     dockerhost-f3400a4b-ecd3-11e5-a582-0242ac110025: virtual machine match the version of VirtualBox you have installed on
2016/03/18 15:27:36.763887 vagrantUp.go:122:     dockerhost-f3400a4b-ecd3-11e5-a582-0242ac110025: your host and reload your VM.
2016/03/18 15:27:36.763897 vagrantUp.go:122:     dockerhost-f3400a4b-ecd3-11e5-a582-0242ac110025: 
2016/03/18 15:27:36.763907 vagrantUp.go:122:     dockerhost-f3400a4b-ecd3-11e5-a582-0242ac110025: Guest Additions Version: 4.3.28 r100309
2016/03/18 15:27:36.763915 vagrantUp.go:122:     dockerhost-f3400a4b-ecd3-11e5-a582-0242ac110025: VirtualBox Version: 5.0
2016/03/18 15:27:36.866694 vagrantUp.go:122:     dockerhost-f3400a4b-ecd3-11e5-a582-0242ac110025: Running provisioner: docker...
2016/03/18 15:27:37.710858 vagrantUp.go:122: ==> expressjsdemo: Syncing folders to the host VM...
2016/03/18 15:27:38.050388 vagrantUp.go:122:     dockerhost-f3400a4b-ecd3-11e5-a582-0242ac110025: Mounting shared folders...
2016/03/18 15:27:38.050690 vagrantUp.go:122:     dockerhost-f3400a4b-ecd3-11e5-a582-0242ac110025: /var/lib/docker/docker_1458286057_32134 => /Users/aichai/ProjectDemo/expressjsdemo
2016/03/18 15:27:38.319632 vagrantUp.go:122:     dockerhost-f3400a4b-ecd3-11e5-a582-0242ac110025: /var/lib/docker/docker_1458286057_93706 => /Users/aichai/ProjectDemo/.shipped
2016/03/18 15:27:38.575572 vagrantUp.go:122:     dockerhost-f3400a4b-ecd3-11e5-a582-0242ac110025: /var/lib/docker/docker_build_f3b8c1a7f35d64d127aa18dbbbac74e6 => /Users/aichai/ProjectDemo/expressjsdemo
2016/03/18 15:27:38.904676 vagrantUp.go:122: ==> expressjsdemo: Image is already built from the Dockerfile. `vagrant reload` to rebuild.
2016/03/18 15:27:39.001187 vagrantUp.go:122: ==> expressjsdemo: Vagrant has noticed that the synced folder definitions have changed.
2016/03/18 15:27:39.001208 vagrantUp.go:122: ==> expressjsdemo: With Docker, these synced folder changes won't take effect until you
2016/03/18 15:27:39.001216 vagrantUp.go:122: ==> expressjsdemo: destroy the container and recreate it.
2016/03/18 15:27:39.001383 vagrantUp.go:122: ==> expressjsdemo: Starting container...
2016/03/18 15:27:39.254646 vagrantUp.go:122: ==> expressjsdemo: Waiting for container to enter "running" state...
2016/03/18 15:27:44.413470 vagrantUp.go:122: The container started either never left the "stopped" state or
2016/03/18 15:27:44.413491 vagrantUp.go:122: very quickly reverted to the "stopped" state. This is usually
2016/03/18 15:27:44.413498 vagrantUp.go:122: because the container didn't execute a command that kept it running,
2016/03/18 15:27:44.413504 vagrantUp.go:122: and usually indicates a misconfiguration.
2016/03/18 15:27:44.413511 vagrantUp.go:122: If you meant for this container to not remain running, please
2016/03/18 15:27:44.413516 vagrantUp.go:122: set the Docker provider configuration "remains_running" to "false":
2016/03/18 15:27:44.413523 vagrantUp.go:122:   config.vm.provider "docker" do |d|
2016/03/18 15:27:44.413529 vagrantUp.go:122:     d.remains_running = false
2016/03/18 15:27:44.413534 vagrantUp.go:122:   end
ERROR 2016/03/18 15:27:44.459883 vagrantUp.go:78: vagrant up finished with error: exit status 1
TRACE 2016/03/18 15:27:44.459991 projects.go:270: Using user's home directory /Users/aichai as Shipped project directory
TRACE 2016/03/18 15:27:44.460027 client.go:114: GET https://api.ciscoshipped.io/projects/f3400a4b-ecd3-11e5-a582-0242ac110025?api_token=uHhsFrAcmElxahTIEZDIspEUhKkUrzHY
TRACE 2016/03/18 15:27:46.142374 client.go:159: Request status code 200 (200 OK)
TRACE 2016/03/18 15:27:46.142829 config.go:139: Using config file /Users/aichai/ProjectDemo/.shipped/shipped.ini
TRACE 2016/03/18 15:27:46.142960 config.go:148: Also using project config file /Users/aichai/.shipped/shipped.ini
TRACE 2016/03/18 15:27:46.143031 config.go:158: Also using home config file /Users/aichai/.shipped/shipped.ini
TRACE 2016/03/18 15:27:46.143048 projects.go:304: Changed to project f3400a4b-ecd3-11e5-a582-0242ac110025 directory /Users/aichai/ProjectDemo
ERROR 2016/03/18 15:27:46.143085 commands.go:98: Bootstrap failed: exit status 1
